app/build/intermediates/manifest_merge_blame_file/debug/manifest-merger-blame-debug-report.txt
1<?xml version="1.0" encoding="utf-8"?>
2<manifest xmlns:android="http://schemas.android.com/apk/res/android"
3    package="com.example.projectjuicyfruit"
4    android:versionCode="1"
5    android:versionName="1.0" >
6
7    <uses-sdk
8        android:minSdkVersion="26"
8-->src/main/AndroidManifest.xml
9        android:targetSdkVersion="30" />
9-->src/main/AndroidManifest.xml
10
11    <uses-permission android:name="android.permission.INTERNET" />
11-->src/main/AndroidManifest.xml:5:5-67
11-->src/main/AndroidManifest.xml:5:22-64
12    <uses-permission android:name="android.permission.ACCESS_NETWORK_STATE" />
12-->src/main/AndroidManifest.xml:6:5-79
12-->src/main/AndroidManifest.xml:6:22-76
13
14    <!-- Permission will be merged into the manifest of the hosting app. -->
15    <!-- Is required to launch foreground extraction service for targetSdkVersion 28+. -->
16    <uses-permission android:name="android.permission.FOREGROUND_SERVICE" />
16-->[com.google.android.play:core:1.7.2] AndroidManifest.xml:8:3-74
16-->[com.google.android.play:core:1.7.2] AndroidManifest.xml:8:20-72
17
18    <application
18-->src/main/AndroidManifest.xml:8:5-22:19
19        android:allowBackup="true"
19-->src/main/AndroidManifest.xml:9:9-35
20        android:appComponentFactory="androidx.core.app.CoreComponentFactory"
20-->[androidx.core:core:1.5.0-alpha01] AndroidManifest.xml:24:18-86
21        android:debuggable="true"
22        android:extractNativeLibs="false"
23        android:icon="@mipmap/ic_launcher"
23-->src/main/AndroidManifest.xml:10:9-43
24        android:label="@string/app_name"
24-->src/main/AndroidManifest.xml:11:9-41
25        android:roundIcon="@mipmap/ic_launcher_round"
25-->src/main/AndroidManifest.xml:12:9-54
26        android:supportsRtl="true"
26-->src/main/AndroidManifest.xml:13:9-35
27        android:testOnly="true"
28        android:theme="@style/Theme.ProjectJuicyFruit" >
28-->src/main/AndroidManifest.xml:14:9-55
29        <activity android:name="com.example.projectjuicyfruit.HomeActivity" >
29-->src/main/AndroidManifest.xml:15:9-21:20
29-->src/main/AndroidManifest.xml:15:19-47
30            <intent-filter>
30-->src/main/AndroidManifest.xml:16:13-20:29
31                <action android:name="android.intent.action.MAIN" />
31-->src/main/AndroidManifest.xml:17:17-69
31-->src/main/AndroidManifest.xml:17:25-66
32
33                <category android:name="android.intent.category.LAUNCHER" />
33-->src/main/AndroidManifest.xml:19:17-77
33-->src/main/AndroidManifest.xml:19:27-74
34            </intent-filter>
35        </activity>
36
37        <provider
37-->[com.squareup.picasso:picasso:2.71828] AndroidManifest.xml:8:9-11:40
38            android:name="com.squareup.picasso.PicassoProvider"
38-->[com.squareup.picasso:picasso:2.71828] AndroidManifest.xml:9:13-64
39            android:authorities="com.example.projectjuicyfruit.com.squareup.picasso"
39-->[com.squareup.picasso:picasso:2.71828] AndroidManifest.xml:10:13-72
40            android:exported="false" /> <!-- The activities will be merged into the manifest of the hosting app. -->
40-->[com.squareup.picasso:picasso:2.71828] AndroidManifest.xml:11:13-37
41        <activity
41-->[com.google.android.play:core:1.7.2] AndroidManifest.xml:12:5-271
42            android:name="com.google.android.play.core.missingsplits.PlayCoreMissingSplitsActivity"
42-->[com.google.android.play:core:1.7.2] AndroidManifest.xml:12:15-102
43            android:enabled="false"
43-->[com.google.android.play:core:1.7.2] AndroidManifest.xml:12:103-126
44            android:exported="false"
44-->[com.google.android.play:core:1.7.2] AndroidManifest.xml:12:127-151
45            android:launchMode="singleInstance"
45-->[com.google.android.play:core:1.7.2] AndroidManifest.xml:12:204-239
46            android:process=":playcore_missing_splits_activity"
46-->[com.google.android.play:core:1.7.2] AndroidManifest.xml:12:152-203
47            android:stateNotNeeded="true" />
47-->[com.google.android.play:core:1.7.2] AndroidManifest.xml:12:240-269
48        <activity
48-->[com.google.android.play:core:1.7.2] AndroidManifest.xml:13:5-226
49            android:name="com.google.android.play.core.common.PlayCoreDialogWrapperActivity"
49-->[com.google.android.play:core:1.7.2] AndroidManifest.xml:13:15-95
50            android:enabled="false"
50-->[com.google.android.play:core:1.7.2] AndroidManifest.xml:13:96-119
51            android:exported="false"
51-->[com.google.android.play:core:1.7.2] AndroidManifest.xml:13:120-144
52            android:stateNotNeeded="true"
52-->[com.google.android.play:core:1.7.2] AndroidManifest.xml:13:145-174
53            android:theme="@style/Theme.PlayCore.Transparent" /> <!-- The service will be merged into the manifest of the hosting app. -->
53-->[com.google.android.play:core:1.7.2] AndroidManifest.xml:13:175-224
54        <service
54-->[com.google.android.play:core:1.7.2] AndroidManifest.xml:16:5-145
55            android:name="com.google.android.play.core.assetpacks.AssetPackExtractionService"
55-->[com.google.android.play:core:1.7.2] AndroidManifest.xml:16:14-95
56            android:enabled="false"
56-->[com.google.android.play:core:1.7.2] AndroidManifest.xml:16:96-119
57            android:exported="true" />
57-->[com.google.android.play:core:1.7.2] AndroidManifest.xml:16:120-143
58    </application>
59
60</manifest>